<?xml version="1.0" encoding="UTF-8"?>
<testng-results ignored="0" total="1" passed="1" failed="0" skipped="0">
  <reporter-output>
  </reporter-output>
  <suite started-at="2023-04-28T18:10:43 EET" name="Default suite" finished-at="2023-04-28T18:12:36 EET" duration-ms="113339">
    <groups>
    </groups>
    <test started-at="2023-04-28T18:10:43 EET" name="Default test" finished-at="2023-04-28T18:12:36 EET" duration-ms="113339">
      <class name="SubscriptionPage.SubscriptionPageTest">
        <test-method is-config="true" signature="setUp()[pri:0, instance:SubscriptionPage.SubscriptionPageTest@6fd83fc1]" started-at="2023-04-28T18:10:43 EET" name="setUp" finished-at="2023-04-28T18:11:18 EET" duration-ms="35202" status="PASS">
          <reporter-output>
          </reporter-output>
        </test-method> <!-- setUp -->
        <test-method signature="testSubscriptionPackages()[pri:0, instance:SubscriptionPage.SubscriptionPageTest@6fd83fc1]" started-at="2023-04-28T18:11:18 EET" name="testSubscriptionPackages" finished-at="2023-04-28T18:12:35 EET" duration-ms="76956" status="PASS">
          <reporter-output>
          </reporter-output>
        </test-method> <!-- testSubscriptionPackages -->
        <test-method is-config="true" signature="tearDown()[pri:0, instance:SubscriptionPage.SubscriptionPageTest@6fd83fc1]" started-at="2023-04-28T18:12:35 EET" name="tearDown" finished-at="2023-04-28T18:12:36 EET" duration-ms="1152" status="PASS">
          <reporter-output>
          </reporter-output>
        </test-method> <!-- tearDown -->
      </class> <!-- SubscriptionPage.SubscriptionPageTest -->
    </test> <!-- Default test -->
  </suite> <!-- Default suite -->
</testng-results>
